<?xml version="1.0" encoding="UTF-8"?>
<testsuite name="com.suggest.recommandation.reader.TestCorpusReader" tests="1" skipped="0" failures="0" errors="0" timestamp="2020-05-13T14:57:13" hostname="debian" time="0.002">
  <properties/>
  <testcase name="testInit" classname="com.suggest.recommandation.reader.TestCorpusReader" time="0.002"/>
  <system-out><![CDATA[]]></system-out>
  <system-err><![CDATA[]]></system-err>
</testsuite>
