<?xml version="1.0" encoding="UTF-8"?>
<testsuite name="com.suggest.recommandation.tools.TestTxtToRank" tests="1" skipped="0" failures="0" errors="0" timestamp="2020-05-14T11:23:59" hostname="debian" time="11.991">
  <properties/>
  <testcase name="testSql" classname="com.suggest.recommandation.tools.TestTxtToRank" time="11.991"/>
  <system-out><![CDATA[true]]></system-out>
  <system-err><![CDATA[Using Spark's default log4j profile: org/apache/spark/log4j-defaults.properties
20/05/14 13:23:57 WARN Utils: Your hostname, debian resolves to a loopback address: 127.0.1.1; using 192.168.0.37 instead (on interface enp2s0)
20/05/14 13:23:57 WARN Utils: Set SPARK_LOCAL_IP if you need to bind to another address
20/05/14 13:23:57 INFO SparkContext: Running Spark version 2.4.5
20/05/14 13:23:57 WARN NativeCodeLoader: Unable to load native-hadoop library for your platform... using builtin-java classes where applicable
20/05/14 13:23:57 INFO SparkContext: Submitted application: suggest recommandation
20/05/14 13:23:57 INFO SecurityManager: Changing view acls to: tibdev78
20/05/14 13:23:57 INFO SecurityManager: Changing modify acls to: tibdev78
20/05/14 13:23:57 INFO SecurityManager: Changing view acls groups to: 
20/05/14 13:23:57 INFO SecurityManager: Changing modify acls groups to: 
20/05/14 13:23:57 INFO SecurityManager: SecurityManager: authentication disabled; ui acls disabled; users  with view permissions: Set(tibdev78); groups with view permissions: Set(); users  with modify permissions: Set(tibdev78); groups with modify permissions: Set()
20/05/14 13:23:58 INFO Utils: Successfully started service 'sparkDriver' on port 40761.
20/05/14 13:23:58 INFO SparkEnv: Registering MapOutputTracker
20/05/14 13:23:58 INFO SparkEnv: Registering BlockManagerMaster
20/05/14 13:23:58 INFO BlockManagerMasterEndpoint: Using org.apache.spark.storage.DefaultTopologyMapper for getting topology information
20/05/14 13:23:58 INFO BlockManagerMasterEndpoint: BlockManagerMasterEndpoint up
20/05/14 13:23:58 INFO DiskBlockManager: Created local directory at /tmp/blockmgr-0087a162-f3b6-445e-9215-80eb1236b320
20/05/14 13:23:58 INFO MemoryStore: MemoryStore started with capacity 93.3 MB
20/05/14 13:23:58 INFO SparkEnv: Registering OutputCommitCoordinator
20/05/14 13:23:58 INFO Utils: Successfully started service 'SparkUI' on port 4040.
20/05/14 13:23:58 INFO SparkUI: Bound SparkUI to 0.0.0.0, and started at http://192.168.0.37:4040
20/05/14 13:23:58 INFO Executor: Starting executor ID driver on host localhost
20/05/14 13:23:59 INFO Utils: Successfully started service 'org.apache.spark.network.netty.NettyBlockTransferService' on port 33817.
20/05/14 13:23:59 INFO NettyBlockTransferService: Server created on 192.168.0.37:33817
20/05/14 13:23:59 INFO BlockManager: Using org.apache.spark.storage.RandomBlockReplicationPolicy for block replication policy
20/05/14 13:23:59 INFO BlockManagerMaster: Registering BlockManager BlockManagerId(driver, 192.168.0.37, 33817, None)
20/05/14 13:23:59 INFO BlockManagerMasterEndpoint: Registering block manager 192.168.0.37:33817 with 93.3 MB RAM, BlockManagerId(driver, 192.168.0.37, 33817, None)
20/05/14 13:23:59 INFO BlockManagerMaster: Registered BlockManager BlockManagerId(driver, 192.168.0.37, 33817, None)
20/05/14 13:23:59 INFO BlockManager: Initialized BlockManager: BlockManagerId(driver, 192.168.0.37, 33817, None)
]]></system-err>
</testsuite>
